
/home/runner/work/exp-roots-nonlinear-equation-iitb/exp-roots-nonlinear-equation-iitb/experiment/simulation/common_libraries/js/ts_components/collapse_step.js
   1:10  warning  'show_step' is defined but never used                 no-unused-vars
   2:5   warning  '$' is not defined                                    no-undef
   3:9   warning  '$' is not defined                                    no-undef
   6:10  warning  'hide_step' is defined but never used                 no-unused-vars
   7:5   warning  '$' is not defined                                    no-undef
   8:9   warning  '$' is not defined                                    no-undef
  11:10  warning  'get_collapse_btn_text' is defined but never used     no-unused-vars
  20:10  warning  'get_collapse_btn_element' is defined but never used  no-unused-vars
  29:10  warning  'hide_all_steps' is defined but never used            no-unused-vars
  31:9   warning  '$' is not defined                                    no-undef

/home/runner/work/exp-roots-nonlinear-equation-iitb/exp-roots-nonlinear-equation-iitb/experiment/simulation/common_libraries/js/ts_components/matrix.js
   27:26  warning  'MathJax' is not defined                                no-undef
   32:7   warning  'Matrix_Without_String' is defined but never used       no-unused-vars
   52:26  warning  'MathJax' is not defined                                no-undef
   56:10  warning  'get_matrix_html' is defined but never used             no-unused-vars
   87:13  warning  'row_html' is assigned a value but never used           no-unused-vars
   99:10  warning  'get_matrix_html_with_title' is defined but never used  no-unused-vars
  131:13  warning  'row_html' is assigned a value but never used           no-unused-vars
  143:10  warning  'convert_2d_to_1d_vector' is defined but never used     no-unused-vars
  156:10  warning  'convert_1d_to_2d_matrix' is defined but never used     no-unused-vars

/home/runner/work/exp-roots-nonlinear-equation-iitb/exp-roots-nonlinear-equation-iitb/experiment/simulation/common_libraries/js/ts_components/pannel.js
  8:7  warning  'Pannel' is defined but never used  no-unused-vars

/home/runner/work/exp-roots-nonlinear-equation-iitb/exp-roots-nonlinear-equation-iitb/experiment/simulation/common_libraries/js/ts_components/questions.js
   6:17  warning  'op1' is assigned a value but never used      no-unused-vars
   7:17  warning  'op2' is assigned a value but never used      no-unused-vars
   8:17  warning  'op3' is assigned a value but never used      no-unused-vars
   9:17  warning  'op4' is assigned a value but never used      no-unused-vars
  94:7   warning  'Question_Options' is defined but never used  no-unused-vars

/home/runner/work/exp-roots-nonlinear-equation-iitb/exp-roots-nonlinear-equation-iitb/experiment/simulation/common_libraries/js/ts_components/tables.js
   19:22  warning  'verify_values' is not defined                                     no-undef
  137:22  warning  'verify_values' is not defined                                     no-undef
  260:7   warning  'Verify_Rows_Cols_6_decimal_places' is defined but never used      no-unused-vars
  311:22  warning  'verify_values' is not defined                                     no-undef
  416:7   warning  'Verify_Rows_Cols_Custom_Fixed_Update1' is defined but never used  no-unused-vars
  468:7   warning  'Show_Table_Custom_Fixed' is defined but never used                no-unused-vars
  506:7   warning  'Verify_Rows_Cols_Strings' is defined but never used               no-unused-vars
  527:22  warning  'verify_values' is not defined                                     no-undef
  663:7   warning  'Display_Table' is defined but never used                          no-unused-vars

/home/runner/work/exp-roots-nonlinear-equation-iitb/exp-roots-nonlinear-equation-iitb/experiment/simulation/common_libraries/js/ts_math_library/general_math_functions.js
    1:10  warning  'verify_values' is defined but never used                   no-unused-vars
   17:10  warning  'random1' is defined but never used                         no-unused-vars
   21:10  warning  'std_deviation' is defined but never used                   no-unused-vars
   26:10  warning  'gauss' is defined but never used                           no-unused-vars
   56:10  warning  'hide_panel' is defined but never used                      no-unused-vars
   63:10  warning  'inverse_matrix' is defined but never used                  no-unused-vars
   96:10  warning  'matrix_multiplication' is defined but never used           no-unused-vars
  113:10  warning  'transpose_matrix' is defined but never used                no-unused-vars
  123:10  warning  'matrix_multiplication_8decimal' is defined but never used  no-unused-vars
  140:10  warning  'adjoint_2x2_matrix' is defined but never used              no-unused-vars
  145:10  warning  'find_deteminant' is defined but never used                 no-unused-vars
  174:10  warning  'get_Submatrix' is defined but never used                   no-unused-vars

/home/runner/work/exp-roots-nonlinear-equation-iitb/exp-roots-nonlinear-equation-iitb/experiment/simulation/common_libraries/js/ts_math_library/regression.js
   1:10  warning  'regression_linear' is defined but never used            no-unused-vars
  18:10  warning  'regression_linear_1variable' is defined but never used  no-unused-vars
  27:10  warning  'regression_linear_2variable' is defined but never used  no-unused-vars
  52:11  warning  'gauss' is not defined                                   no-undef

/home/runner/work/exp-roots-nonlinear-equation-iitb/exp-roots-nonlinear-equation-iitb/experiment/simulation/common_libraries/math.ob.js
  1:745  warning  'b' is already defined  no-redeclare

/home/runner/work/exp-roots-nonlinear-equation-iitb/exp-roots-nonlinear-equation-iitb/experiment/simulation/js/activity1.js
   12:24  warning  'MathJax' is not defined                   no-undef
   14:10  warning  'start_act1' is defined but never used     no-unused-vars
   19:5   warning  'a' is not defined                         no-undef
   20:5   warning  'b' is not defined                         no-undef
   23:38  warning  'a' is not defined                         no-undef
   24:38  warning  'b' is not defined                         no-undef
   25:20  warning  'get_collapse_btn_text' is not defined     no-undef
   30:74  warning  'a' is not defined                         no-undef
   31:76  warning  'b' is not defined                         no-undef
  284:5   warning  'hide_all_steps' is not defined            no-undef
  286:24  warning  'show_step' is not defined                 no-undef
  287:24  warning  'MathJax' is not defined                   no-undef
  290:5   warning  'x1' is not defined                        no-undef
  291:5   warning  'x2' is not defined                        no-undef
  292:5   warning  'X1' is not defined                        no-undef
  293:5   warning  'X2' is not defined                        no-undef
  294:5   warning  'X1' is not defined                        no-undef
  294:13  warning  'x1' is not defined                        no-undef
  295:5   warning  'X2' is not defined                        no-undef
  295:13  warning  'x2' is not defined                        no-undef
  297:9   warning  'x1' is not defined                        no-undef
  297:24  warning  'a' is not defined                         no-undef
  297:28  warning  'x1' is not defined                        no-undef
  297:33  warning  'x2' is not defined                        no-undef
  298:9   warning  'x2' is not defined                        no-undef
  298:25  warning  'b' is not defined                         no-undef
  298:29  warning  'x2' is not defined                        no-undef
  298:40  warning  'x1' is not defined                        no-undef
  299:9   warning  'X1' is not defined                        no-undef
  299:17  warning  'x1' is not defined                        no-undef
  300:9   warning  'X2' is not defined                        no-undef
  300:17  warning  'x2' is not defined                        no-undef
  302:26  warning  'X1' is not defined                        no-undef
  303:26  warning  'X2' is not defined                        no-undef
  305:10  warning  'verify_x_vals' is defined but never used  no-unused-vars
  347:17  warning  'X1' is not defined                        no-undef
  347:24  warning  'X2' is not defined                        no-undef
  347:31  warning  'X1' is not defined                        no-undef
  347:38  warning  'X2' is not defined                        no-undef
  348:10  warning  'verify_values' is not defined             no-undef
  348:82  warning  'X1' is not defined                        no-undef
  352:10  warning  'verify_values' is not defined             no-undef
  352:82  warning  'X2' is not defined                        no-undef
  356:10  warning  'verify_values' is not defined             no-undef
  356:82  warning  'X1' is not defined                        no-undef
  360:10  warning  'verify_values' is not defined             no-undef
  360:82  warning  'X2' is not defined                        no-undef
  430:24  warning  'X1' is not defined                        no-undef
  432:24  warning  'X2' is not defined                        no-undef
  434:24  warning  'X1' is not defined                        no-undef
  436:24  warning  'X2' is not defined                        no-undef
  440:24  warning  'X1' is not defined                        no-undef
  442:24  warning  'X2' is not defined                        no-undef
  444:24  warning  'X1' is not defined                        no-undef
  446:24  warning  'X2' is not defined                        no-undef
  448:24  warning  'X1' is not defined                        no-undef
  450:25  warning  'X2' is not defined                        no-undef
  452:25  warning  'X1' is not defined                        no-undef
  454:25  warning  'X2' is not defined                        no-undef
  456:25  warning  'X1' is not defined                        no-undef
  458:25  warning  'X2' is not defined                        no-undef
  460:25  warning  'X1' is not defined                        no-undef
  462:25  warning  'X2' is not defined                        no-undef
  464:25  warning  'X1' is not defined                        no-undef
  466:25  warning  'X2' is not defined                        no-undef

/home/runner/work/exp-roots-nonlinear-equation-iitb/exp-roots-nonlinear-equation-iitb/experiment/simulation/js/data.js
  1:5  warning  'x1' is defined but never used           no-unused-vars
  2:5  warning  'x2' is defined but never used           no-unused-vars
  3:5  warning  'X1' is assigned a value but never used  no-unused-vars
  4:5  warning  'X2' is assigned a value but never used  no-unused-vars
  5:5  warning  'a' is defined but never used            no-unused-vars
  6:5  warning  'b' is defined but never used            no-unused-vars

/home/runner/work/exp-roots-nonlinear-equation-iitb/exp-roots-nonlinear-equation-iitb/experiment/simulation/js/screen_size.js
  1:10  warning  'set_screen_size' is defined but never used  no-unused-vars

✖ 123 problems (0 errors, 123 warnings)

